This is pdfTeX, Version 3.1415926-2.4-1.40.13 (MiKTeX 2.9) (preloaded format=pdflatex 2013.1.25)  22 JAN 2015 09:42
entering extended mode
**thesis.tex
(C:\Users\Ottawa\Dropbox\thesis\thesis.tex
LaTeX2e <2011/06/27>
Babel <v3.8m> and hyphenation patterns for english, afrikaans, ancientgreek, ar
abic, armenian, assamese, basque, bengali, bokmal, bulgarian, catalan, coptic, 
croatian, czech, danish, dutch, esperanto, estonian, farsi, finnish, french, ga
lician, german, german-x-2012-05-30, greek, gujarati, hindi, hungarian, iceland
ic, indonesian, interlingua, irish, italian, kannada, kurmanji, latin, latvian,
 lithuanian, malayalam, marathi, mongolian, mongolianlmc, monogreek, ngerman, n
german-x-2012-05-30, nynorsk, oriya, panjabi, pinyin, polish, portuguese, roman
ian, russian, sanskrit, serbian, slovak, slovenian, spanish, swedish, swissgerm
an, tamil, telugu, turkish, turkmen, ukenglish, ukrainian, uppersorbian, usengl
ishmax, welsh, loaded.
("C:\Program Files (x86)\MiKTeX 2.9\tex\latex\base\report.cls"
Document Class: report 2007/10/19 v1.4h Standard LaTeX document class
("C:\Program Files (x86)\MiKTeX 2.9\tex\latex\base\size12.clo"
File: size12.clo 2007/10/19 v1.4h Standard LaTeX file (size option)
)
\c@part=\count79
\c@chapter=\count80
\c@section=\count81
\c@subsection=\count82
\c@subsubsection=\count83
\c@paragraph=\count84
\c@subparagraph=\count85
\c@figure=\count86
\c@table=\count87
\abovecaptionskip=\skip41
\belowcaptionskip=\skip42
\bibindent=\dimen102
)
(C:\Users\Ottawa\Dropbox\thesis\cuthesis.sty
Package: cuthesis 2003/04/04  v 1.2
\c@myfigcount=\count88
\c@mytablecount=\count89
\c@myeqncount=\count90
\c@mychapcitecount=\count91
\c@mychaptercount=\count92
\c@myappendixcount=\count93
)
("C:\Program Files (x86)\MiKTeX 2.9\tex\latex\tools\array.sty"
Package: array 2008/09/09 v2.4c Tabular extension package (FMi)
\col@sep=\dimen103
\extrarowheight=\dimen104
\NC@list=\toks14
\extratabsurround=\skip43
\backup@length=\skip44
)
("C:\Program Files (x86)\MiKTeX 2.9\tex\latex\graphics\graphicx.sty"
Package: graphicx 1999/02/16 v1.0f Enhanced LaTeX Graphics (DPC,SPQR)

("C:\Program Files (x86)\MiKTeX 2.9\tex\latex\graphics\keyval.sty"
Package: keyval 1999/03/16 v1.13 key=value parser (DPC)
\KV@toks@=\toks15
)
("C:\Program Files (x86)\MiKTeX 2.9\tex\latex\graphics\graphics.sty"
Package: graphics 2009/02/05 v1.0o Standard LaTeX Graphics (DPC,SPQR)

("C:\Program Files (x86)\MiKTeX 2.9\tex\latex\graphics\trig.sty"
Package: trig 1999/03/16 v1.09 sin cos tan (DPC)
)
("C:\Program Files (x86)\MiKTeX 2.9\tex\latex\00miktex\graphics.cfg"
File: graphics.cfg 2007/01/18 v1.5 graphics configuration of teTeX/TeXLive
)
Package graphics Info: Driver file: pdftex.def on input line 91.

("C:\Program Files (x86)\MiKTeX 2.9\tex\latex\pdftex-def\pdftex.def"
File: pdftex.def 2011/05/27 v0.06d Graphics/color for pdfTeX

("C:\Program Files (x86)\MiKTeX 2.9\tex\generic\oberdiek\infwarerr.sty"
Package: infwarerr 2010/04/08 v1.3 Providing info/warning/error messages (HO)
)
("C:\Program Files (x86)\MiKTeX 2.9\tex\generic\oberdiek\ltxcmds.sty"
Package: ltxcmds 2011/11/09 v1.22 LaTeX kernel commands for general use (HO)
)
\Gread@gobject=\count94
))
\Gin@req@height=\dimen105
\Gin@req@width=\dimen106
)
(C:\Users\Ottawa\AppData\Roaming\MiKTeX\2.9\tex\latex\cite\cite.sty
LaTeX Info: Redefining \cite on input line 302.
LaTeX Info: Redefining \nocite on input line 373.
Package: cite 2010/09/10  v 5.3
)
(C:\Users\Ottawa\AppData\Roaming\MiKTeX\2.9\tex\latex\subfigure\subfigure.sty
Package: subfigure 2002/07/30 v2.1.4 subfigure package
\subfigtopskip=\skip45
\subfigcapskip=\skip46
\subfigcaptopadj=\dimen107
\subfigbottomskip=\skip47
\subfigcapmargin=\dimen108
\subfiglabelskip=\skip48
\c@subfigure=\count95
\c@lofdepth=\count96
\c@subtable=\count97
\c@lotdepth=\count98

****************************************
* Local config file subfigure.cfg used *
****************************************
(C:\Users\Ottawa\AppData\Roaming\MiKTeX\2.9\tex\latex\subfigure\subfigure.cfg)
\subfig@top=\skip49
\subfig@bottom=\skip50
) ("C:\Program Files (x86)\MiKTeX 2.9\tex\latex\ams\math\amsmath.sty"
Package: amsmath 2000/07/18 v2.13 AMS math features
\@mathmargin=\skip51

For additional information on amsmath, use the `?' option.
("C:\Program Files (x86)\MiKTeX 2.9\tex\latex\ams\math\amstext.sty"
Package: amstext 2000/06/29 v2.01

("C:\Program Files (x86)\MiKTeX 2.9\tex\latex\ams\math\amsgen.sty"
File: amsgen.sty 1999/11/30 v2.0
\@emptytoks=\toks16
\ex@=\dimen109
))
("C:\Program Files (x86)\MiKTeX 2.9\tex\latex\ams\math\amsbsy.sty"
Package: amsbsy 1999/11/29 v1.2d
\pmbraise@=\dimen110
)
("C:\Program Files (x86)\MiKTeX 2.9\tex\latex\ams\math\amsopn.sty"
Package: amsopn 1999/12/14 v2.01 operator names
)
\inf@bad=\count99
LaTeX Info: Redefining \frac on input line 211.
\uproot@=\count100
\leftroot@=\count101
LaTeX Info: Redefining \overline on input line 307.
\classnum@=\count102
\DOTSCASE@=\count103
LaTeX Info: Redefining \ldots on input line 379.
LaTeX Info: Redefining \dots on input line 382.
LaTeX Info: Redefining \cdots on input line 467.
\Mathstrutbox@=\box26
\strutbox@=\box27
\big@size=\dimen111
LaTeX Font Info:    Redeclaring font encoding OML on input line 567.
LaTeX Font Info:    Redeclaring font encoding OMS on input line 568.
\macc@depth=\count104
\c@MaxMatrixCols=\count105
\dotsspace@=\muskip10
\c@parentequation=\count106
\dspbrk@lvl=\count107
\tag@help=\toks17
\row@=\count108
\column@=\count109
\maxfields@=\count110
\andhelp@=\toks18
\eqnshift@=\dimen112
\alignsep@=\dimen113
\tagshift@=\dimen114
\tagwidth@=\dimen115
\totwidth@=\dimen116
\lineht@=\dimen117
\@envbody=\toks19
\multlinegap=\skip52
\multlinetaggap=\skip53
\mathdisplay@stack=\toks20
LaTeX Info: Redefining \[ on input line 2666.
LaTeX Info: Redefining \] on input line 2667.
)
(C:\Users\Ottawa\AppData\Roaming\MiKTeX\2.9\tex\latex\caption\caption.sty
Package: caption 2013/05/02 v3.3-89 Customizing captions (AR)

(C:\Users\Ottawa\AppData\Roaming\MiKTeX\2.9\tex\latex\caption\caption3.sty
Package: caption3 2013/05/02 v1.6-88 caption3 kernel (AR)
Package caption3 Info: TeX engine: e-TeX on input line 57.
\captionmargin=\dimen118
\captionmargin@=\dimen119
\captionwidth=\dimen120
\caption@tempdima=\dimen121
\caption@indent=\dimen122
\caption@parindent=\dimen123
\caption@hangindent=\dimen124
)
\c@ContinuedFloat=\count111
Package caption Info: subfigure package is loaded.
)
(C:\Users\Ottawa\AppData\Roaming\MiKTeX\2.9\tex\latex\rotating\rotating.sty
Package: rotating 2009/03/28 v2.16a rotated objects in LaTeX

("C:\Program Files (x86)\MiKTeX 2.9\tex\latex\base\ifthen.sty"
Package: ifthen 2001/05/26 v1.1c Standard LaTeX ifthen package (DPC)
)
\c@r@tfl@t=\count112
\rotFPtop=\skip54
\rotFPbot=\skip55
\rot@float@box=\box28
\rot@mess@toks=\toks21
)
(C:\Users\Ottawa\AppData\Roaming\MiKTeX\2.9\tex\latex\setspace\setspace.sty
Package: setspace 2011/12/19 v6.7a set line spacing
)
(C:\Users\Ottawa\AppData\Roaming\MiKTeX\2.9\tex\latex\algorithm2e\algorithm2e.s
ty
Package: algorithm2e 2013/01/06 v5.00 algorithms environments
\c@AlgoLine=\count113
 ("C:\Program Files (x86)\MiKTeX 2.9\tex\latex\tools\xspace.sty"
Package: xspace 2009/10/20 v1.13 Space after command names (DPC,MH)
)
("C:\Program Files (x86)\MiKTeX 2.9\tex\latex\ltxmisc\relsize.sty"
Package: relsize 2003/07/04 ver 3.1
)
("C:\Program Files (x86)\MiKTeX 2.9\tex\latex\graphics\color.sty"
Package: color 2005/11/14 v1.0j Standard LaTeX Color (DPC)

("C:\Program Files (x86)\MiKTeX 2.9\tex\latex\00miktex\color.cfg"
File: color.cfg 2007/01/18 v1.5 color configuration of teTeX/TeXLive
)
Package color Info: Driver file: pdftex.def on input line 130.
)
********************************************************
Package `algorithm2e' Release 5.0 -- january 06 2013 --
- algorithm2e-announce@lirmm.fr mailing list for announcement about releases
- algorithm2e-discussion@lirmm.fr mailing list for discussion about package
subscribe by emailing sympa@lirmm.fr with 'subscribe <list> <firstname name>'
- Author: Christophe Fiorio (cfiorio@um2.fr)
********************************************************
\skiptotal=\skip56
\skiplinenumber=\skip57
\skiprule=\skip58
\skiphlne=\skip59
\skiptext=\skip60
\skiplength=\skip61
\algomargin=\skip62
\skipalgocfslide=\skip63
\algowidth=\dimen125
\inoutsize=\dimen126
\inoutindent=\dimen127
\interspacetitleruled=\dimen128
\interspacealgoruled=\dimen129
\interspacetitleboxruled=\dimen130
\algocf@inoutbox=\box29
\algocf@inputbox=\box30
\AlCapSkip=\skip64
\AlCapHSkip=\skip65
\algoskipindent=\skip66
\algocf@nlbox=\box31
\algocf@hangingbox=\box32
\algocf@untilbox=\box33
\algocf@skipuntil=\skip67
\algocf@capbox=\box34
\algoheightruledefault=\skip68
\algoheightrule=\skip69
\algotitleheightruledefault=\skip70
\algotitleheightrule=\skip71
\c@algocfline=\count114
\c@algocfproc=\count115
\c@algocf=\count116
\algocf@algoframe=\box35
\algocf@algobox=\box36
) (C:\Users\Ottawa\AppData\Roaming\MiKTeX\2.9\tex\latex\ntheorem\ntheorem.sty
Style `ntheorem', Version 1.33 <2011/08/15>
Package: ntheorem 2011/08/15 1.33
\theorem@style=\toks22
\theorem@@style=\toks23
\theorembodyfont=\toks24
\theoremnumbering=\toks25
\theorempreskipamount=\skip72
\theorempostskipamount=\skip73
\theoremframepreskipamount=\skip74
\theoremframepostskipamount=\skip75
\theoreminframepreskipamount=\skip76
\theoreminframepostskipamount=\skip77
\theorem@preskip=\toks26
\theorem@postskip=\toks27
\theorem@framepreskip=\toks28
\theorem@framepostskip=\toks29
\theorem@inframepreskip=\toks30
\theorem@inframepostskip=\toks31
\theoremindent=\dimen131
\theorem@indent=\dimen132
\theoremrightindent=\dimen133
\theorem@rightindent=\dimen134
\theoremheaderfont=\toks32
\theoremseparator=\toks33
\theoremprework=\toks34
\theorempostwork=\toks35
\theoremsymbol=\toks36
\qedsymbol=\toks37
\theoremkeyword=\toks38
\qedsymbol=\toks39
\thm@topsep=\skip78
\thm@topsepadd=\skip79
)
\c@hypo=\count117
\c@hypolist=\count118
 ("C:\Program Files (x86)\MiKTeX 2.9\tex\latex\tools\longtable.sty"
Package: longtable 2004/02/01 v4.11 Multi-page Table package (DPC)
\LTleft=\skip80
\LTright=\skip81
\LTpre=\skip82
\LTpost=\skip83
\LTchunksize=\count119
\LTcapwidth=\dimen135
\LT@head=\box37
\LT@firsthead=\box38
\LT@foot=\box39
\LT@lastfoot=\box40
\LT@cols=\count120
\LT@rows=\count121
\c@LT@tables=\count122
\c@LT@chunks=\count123
\LT@p@ftn=\toks40
)
(C:\Users\Ottawa\Dropbox\thesis\thesis.aux
(C:\Users\Ottawa\Dropbox\thesis\chapter1.aux)
(C:\Users\Ottawa\Dropbox\thesis\chapter2.aux)
(C:\Users\Ottawa\Dropbox\thesis\chapter3.aux)
(C:\Users\Ottawa\Dropbox\thesis\chapter4.aux

LaTeX Warning: Label `mtlcfunc' multiply defined.


LaTeX Warning: Label `removemtlc' multiply defined.

) (C:\Users\Ottawa\Dropbox\thesis\chapter5.aux

LaTeX Warning: Label `implalgo' multiply defined.

) (C:\Users\Ottawa\Dropbox\thesis\chapter6.aux))
LaTeX Font Info:    Checking defaults for OML/cmm/m/it on input line 35.
LaTeX Font Info:    ... okay on input line 35.
LaTeX Font Info:    Checking defaults for T1/cmr/m/n on input line 35.
LaTeX Font Info:    ... okay on input line 35.
LaTeX Font Info:    Checking defaults for OT1/cmr/m/n on input line 35.
LaTeX Font Info:    ... okay on input line 35.
LaTeX Font Info:    Checking defaults for OMS/cmsy/m/n on input line 35.
LaTeX Font Info:    ... okay on input line 35.
LaTeX Font Info:    Checking defaults for OMX/cmex/m/n on input line 35.
LaTeX Font Info:    ... okay on input line 35.
LaTeX Font Info:    Checking defaults for U/cmr/m/n on input line 35.
LaTeX Font Info:    ... okay on input line 35.

(C:\Users\Ottawa\AppData\Roaming\MiKTeX\2.9\tex\context\base\supp-pdf.mkii
[Loading MPS to PDF converter (version 2006.09.02).]
\scratchcounter=\count124
\scratchdimen=\dimen136
\scratchbox=\box41
\nofMPsegments=\count125
\nofMParguments=\count126
\everyMPshowfont=\toks41
\MPscratchCnt=\count127
\MPscratchDim=\dimen137
\MPnumerator=\count128
\makeMPintoPDFobject=\count129
\everyMPtoPDFconversion=\toks42
)
Package caption Info: Begin \AtBeginDocument code.
Package caption Info: longtable package is loaded.
 (C:\Users\Ottawa\AppData\Roaming\MiKTeX\2.9\tex\latex\caption\ltcaption.sty
Package: ltcaption 2013/02/03 v1.3-62 longtable captions (AR)
)
Package caption Info: rotating package is loaded.
Package caption Info: End \AtBeginDocument code.
LaTeX Font Info:    Try loading font information for OMS+cmr on input line 98.

("C:\Program Files (x86)\MiKTeX 2.9\tex\latex\base\omscmr.fd"
File: omscmr.fd 1999/05/25 v2.5h Standard LaTeX font definitions
)
LaTeX Font Info:    Font shape `OMS/cmr/m/n' in size <12> not available
(Font)              Font shape `OMS/cmsy/m/n' tried instead on input line 98.
 [1

{C:/Users/Ottawa/AppData/Local/MiKTeX/2.9/pdftex/config/pdftex.map}]
(C:\Users\Ottawa\Dropbox\thesis\abstract.tex) [2


]
(C:\Users\Ottawa\Dropbox\thesis\acknowledgements.tex) [3

]
(C:\Users\Ottawa\Dropbox\thesis\thesis.toc [4

])
\tf@toc=\write3
 [5]
(C:\Users\Ottawa\Dropbox\thesis\thesis.lot)
\tf@lot=\write4
 [6

]
(C:\Users\Ottawa\Dropbox\thesis\thesis.lof [7

])
\tf@lof=\write5
 [8]
(C:\Users\Ottawa\Dropbox\thesis\chapter1.tex
Chapter 1.
[1


] [2] [3]
Overfull \hbox (85.35728pt too wide) in paragraph at lines 100--113
 [][] 
 []

[4]) [5] (C:\Users\Ottawa\Dropbox\thesis\chapter2.tex
Chapter 2.
[6



] [7]
Underfull \hbox (badness 10000) in paragraph at lines 12--13

 []

) [8] (C:\Users\Ottawa\Dropbox\thesis\chapter3.tex
Chapter 3.

LaTeX Warning: Reference `' on page 9 undefined on input line 21.


Overfull \hbox (1.23024pt too wide) in paragraph at lines 9--25
 [][] 
 []

[9



] [10] [11] [12] [13] [14] [15] [16] [17] [18] [19]
Underfull \hbox (badness 10000) in paragraph at lines 498--508

 []

[20]) [21] [22] (C:\Users\Ottawa\Dropbox\thesis\chapter4.tex
Chapter 4.
[23



] [24]) [25] [26] (C:\Users\Ottawa\Dropbox\thesis\chapter5.tex
Chapter 5.

LaTeX Warning: Reference `hypothesis' on page 27 undefined on input line 3.

[27



] [28] [29]

Package caption Warning: \label without proper \caption on input line 34.
See the caption package documentation for explanation.


LaTeX Warning: Reference `implalgo' on page 30 undefined on input line 29.


Underfull \hbox (badness 10000) in paragraph at lines 29--30

 []


Overfull \hbox (67.26135pt too wide) in paragraph at lines 37--58
 [][] 
 []

[30] [31] [32]

LaTeX Warning: Reference `weird' on page 33 undefined on input line 76.


Package caption Warning: \label without proper \caption on input line 34.
See the caption package documentation for explanation.


LaTeX Warning: Reference `implalgo' on page 33 undefined on input line 84.

[33] <Lengths.pdf, id=146, 794.97pt x 614.295pt>
File: Lengths.pdf Graphic file (type pdf)
 <use Lengths.pdf>
Package pdftex.def Info: Lengths.pdf used on input line 92.
(pdftex.def)             Requested size: 476.98569pt x 368.57983pt.

Overfull \hbox (43.36569pt too wide) in paragraph at lines 92--93
 [][] 
 []

[34] [35 <C:/Users/Ottawa/Dropbox/thesis/Lengths.pdf>]
<Alternation-Uniform.pdf, id=166, 794.97pt x 614.295pt>
File: Alternation-Uniform.pdf Graphic file (type pdf)

<use Alternation-Uniform.pdf>
Package pdftex.def Info: Alternation-Uniform.pdf used on input line 114.
(pdftex.def)             Requested size: 476.98569pt x 368.57983pt.

Overfull \hbox (43.36569pt too wide) in paragraph at lines 114--115
 [][] 
 []

[36 <C:/Users/Ottawa/Dropbox/thesis/Alternation-Uniform.pdf>]
<Delta-Uniform.pdf, id=180, 794.97pt x 614.295pt>
File: Delta-Uniform.pdf Graphic file (type pdf)
 <use Delta-Uniform.pdf>
Package pdftex.def Info: Delta-Uniform.pdf used on input line 127.
(pdftex.def)             Requested size: 476.98569pt x 368.57983pt.

Overfull \hbox (43.36569pt too wide) in paragraph at lines 127--128
 [][] 
 []

[37 <C:/Users/Ottawa/Dropbox/thesis/Delta-Uniform.pdf>]
<Random-Uniform.pdf, id=194, 794.97pt x 614.295pt>
File: Random-Uniform.pdf Graphic file (type pdf)
 <use Random-Uniform.pdf>
Package pdftex.def Info: Random-Uniform.pdf used on input line 138.
(pdftex.def)             Requested size: 476.98569pt x 368.57983pt.

Overfull \hbox (43.36569pt too wide) in paragraph at lines 138--139
 [][] 
 []

<Random-Block-Uniform.pdf, id=195, 794.97pt x 614.295pt>
File: Random-Block-Uniform.pdf Graphic file (type pdf)

<use Random-Block-Uniform.pdf>
Package pdftex.def Info: Random-Block-Uniform.pdf used on input line 151.
(pdftex.def)             Requested size: 476.98569pt x 368.57983pt.

Overfull \hbox (43.36569pt too wide) in paragraph at lines 151--152
 [][] 
 []

[38 <C:/Users/Ottawa/Dropbox/thesis/Random-Uniform.pdf>] [39 <C:/Users/Ottawa/D
ropbox/thesis/Random-Block-Uniform.pdf>]
<Sequential-Block-Uniform.pdf, id=222, 794.97pt x 614.295pt>
File: Sequential-Block-Uniform.pdf Graphic file (type pdf)

<use Sequential-Block-Uniform.pdf>
Package pdftex.def Info: Sequential-Block-Uniform.pdf used on input line 166.
(pdftex.def)             Requested size: 476.98569pt x 368.57983pt.

Overfull \hbox (43.36569pt too wide) in paragraph at lines 166--167
 [][] 
 []

[40 <C:/Users/Ottawa/Dropbox/thesis/Sequential-Block-Uniform.pdf>]
<Alternation-cq-small-cost.pdf, id=236, 794.97pt x 614.295pt>
File: Alternation-cq-small-cost.pdf Graphic file (type pdf)

<use Alternation-cq-small-cost.pdf>
Package pdftex.def Info: Alternation-cq-small-cost.pdf used on input line 181.
(pdftex.def)             Requested size: 476.98569pt x 368.57983pt.

Overfull \hbox (43.36569pt too wide) in paragraph at lines 181--182
 [][] 
 []

[41] [42 <C:/Users/Ottawa/Dropbox/thesis/Alternation-cq-small-cost.pdf>]
<Alternation-cd-small-switches.pdf, id=254, 794.97pt x 614.295pt>
File: Alternation-cd-small-switches.pdf Graphic file (type pdf)

<use Alternation-cd-small-switches.pdf>
Package pdftex.def Info: Alternation-cd-small-switches.pdf used on input line 1
92.
(pdftex.def)             Requested size: 476.98569pt x 368.57983pt.

Overfull \hbox (43.36569pt too wide) in paragraph at lines 192--193
 [][] 
 []

[43 <C:/Users/Ottawa/Dropbox/thesis/Alternation-cd-small-switches.pdf>]
<Alternation-cq-medium-switches.pdf, id=270, 794.97pt x 614.295pt>
File: Alternation-cq-medium-switches.pdf Graphic file (type pdf)

<use Alternation-cq-medium-switches.pdf>
Package pdftex.def Info: Alternation-cq-medium-switches.pdf used on input line 
203.
(pdftex.def)             Requested size: 476.98569pt x 368.57983pt.

Overfull \hbox (43.36569pt too wide) in paragraph at lines 203--204
 [][] 
 []

[44 <C:/Users/Ottawa/Dropbox/thesis/Alternation-cq-medium-switches.pdf>]
<Alternation-cd-medium-cost.pdf, id=284, 794.97pt x 614.295pt>
File: Alternation-cd-medium-cost.pdf Graphic file (type pdf)

<use Alternation-cd-medium-cost.pdf>
Package pdftex.def Info: Alternation-cd-medium-cost.pdf used on input line 214.

(pdftex.def)             Requested size: 476.98569pt x 368.57983pt.

Overfull \hbox (43.36569pt too wide) in paragraph at lines 214--215
 [][] 
 []

<Delta-cc-small-cost.pdf, id=285, 794.97pt x 614.295pt>
File: Delta-cc-small-cost.pdf Graphic file (type pdf)

<use Delta-cc-small-cost.pdf>
Package pdftex.def Info: Delta-cc-small-cost.pdf used on input line 227.
(pdftex.def)             Requested size: 476.98569pt x 368.57983pt.

Overfull \hbox (43.36569pt too wide) in paragraph at lines 227--228
 [][] 
 []

<Delta-cq-small-switches.pdf, id=286, 794.97pt x 614.295pt>
File: Delta-cq-small-switches.pdf Graphic file (type pdf)

<use Delta-cq-small-switches.pdf>
Package pdftex.def Info: Delta-cq-small-switches.pdf used on input line 236.
(pdftex.def)             Requested size: 476.98569pt x 368.57983pt.

Overfull \hbox (43.36569pt too wide) in paragraph at lines 236--237
 [][] 
 []

[45] [46 <C:/Users/Ottawa/Dropbox/thesis/Alternation-cd-medium-cost.pdf>]
[47 <C:/Users/Ottawa/Dropbox/thesis/Delta-cc-small-cost.pdf>]
<Delta-rc-medium-cost.pdf, id=317, 794.97pt x 614.295pt>
File: Delta-rc-medium-cost.pdf Graphic file (type pdf)

<use Delta-rc-medium-cost.pdf>
Package pdftex.def Info: Delta-rc-medium-cost.pdf used on input line 253.
(pdftex.def)             Requested size: 476.98569pt x 368.57983pt.

Overfull \hbox (43.36569pt too wide) in paragraph at lines 253--254
 [][] 
 []

[48 <C:/Users/Ottawa/Dropbox/thesis/Delta-cq-small-switches.pdf>]
<Delta-cd-medium-cost.pdf, id=331, 794.97pt x 614.295pt>
File: Delta-cd-medium-cost.pdf Graphic file (type pdf)

<use Delta-cd-medium-cost.pdf>
Package pdftex.def Info: Delta-cd-medium-cost.pdf used on input line 262.
(pdftex.def)             Requested size: 476.98569pt x 368.57983pt.

Overfull \hbox (43.36569pt too wide) in paragraph at lines 262--263
 [][] 
 []

[49 <C:/Users/Ottawa/Dropbox/thesis/Delta-rc-medium-cost.pdf>] [50 <C:/Users/Ot
tawa/Dropbox/thesis/Delta-cd-medium-cost.pdf>]
<Random-rc-small-switches.pdf, id=359, 794.97pt x 614.295pt>
File: Random-rc-small-switches.pdf Graphic file (type pdf)

<use Random-rc-small-switches.pdf>
Package pdftex.def Info: Random-rc-small-switches.pdf used on input line 279.
(pdftex.def)             Requested size: 476.98569pt x 368.57983pt.

Overfull \hbox (43.36569pt too wide) in paragraph at lines 279--280
 [][] 
 []

<Random-cd-small-cost.pdf, id=360, 794.97pt x 614.295pt>
File: Random-cd-small-cost.pdf Graphic file (type pdf)

<use Random-cd-small-cost.pdf>
Package pdftex.def Info: Random-cd-small-cost.pdf used on input line 288.
(pdftex.def)             Requested size: 476.98569pt x 368.57983pt.

Overfull \hbox (43.36569pt too wide) in paragraph at lines 288--289
 [][] 
 []

<Random-cc-medium-switches.pdf, id=361, 794.97pt x 614.295pt>
File: Random-cc-medium-switches.pdf Graphic file (type pdf)

<use Random-cc-medium-switches.pdf>
Package pdftex.def Info: Random-cc-medium-switches.pdf used on input line 299.
(pdftex.def)             Requested size: 476.98569pt x 368.57983pt.

Overfull \hbox (43.36569pt too wide) in paragraph at lines 299--300
 [][] 
 []

[51] <Random-cq-medium-cost.pdf, id=365, 794.97pt x 614.295pt>
File: Random-cq-medium-cost.pdf Graphic file (type pdf)

<use Random-cq-medium-cost.pdf>
Package pdftex.def Info: Random-cq-medium-cost.pdf used on input line 306.
(pdftex.def)             Requested size: 476.98569pt x 368.57983pt.

Overfull \hbox (43.36569pt too wide) in paragraph at lines 306--307
 [][] 
 []

[52 <C:/Users/Ottawa/Dropbox/thesis/Random-rc-small-switches.pdf>] [53 <C:/User
s/Ottawa/Dropbox/thesis/Random-cd-small-cost.pdf>]
<Random-Block-cc-small-switches.pdf, id=393, 794.97pt x 614.295pt>
File: Random-Block-cc-small-switches.pdf Graphic file (type pdf)

<use Random-Block-cc-small-switches.pdf>
Package pdftex.def Info: Random-Block-cc-small-switches.pdf used on input line 
323.
(pdftex.def)             Requested size: 476.98569pt x 368.57983pt.

Overfull \hbox (43.36569pt too wide) in paragraph at lines 323--324
 [][] 
 []

[54 <C:/Users/Ottawa/Dropbox/thesis/Random-cc-medium-switches.pdf>]
<Random-Block-rc-small-cost.pdf, id=407, 794.97pt x 614.295pt>
File: Random-Block-rc-small-cost.pdf Graphic file (type pdf)

<use Random-Block-rc-small-cost.pdf>
Package pdftex.def Info: Random-Block-rc-small-cost.pdf used on input line 334.

(pdftex.def)             Requested size: 476.98569pt x 368.57983pt.

Overfull \hbox (43.36569pt too wide) in paragraph at lines 334--335
 [][] 
 []

[55 <C:/Users/Ottawa/Dropbox/thesis/Random-cq-medium-cost.pdf>] [56 <C:/Users/O
ttawa/Dropbox/thesis/Random-Block-cc-small-switches.pdf>] [57 <C:/Users/Ottawa/
Dropbox/thesis/Random-Block-rc-small-cost.pdf>]
<Random-Block-cq-medium-cost.pdf, id=447, 794.97pt x 614.295pt>
File: Random-Block-cq-medium-cost.pdf Graphic file (type pdf)

<use Random-Block-cq-medium-cost.pdf>
Package pdftex.def Info: Random-Block-cq-medium-cost.pdf used on input line 349
.
(pdftex.def)             Requested size: 476.98569pt x 368.57983pt.

Overfull \hbox (43.36569pt too wide) in paragraph at lines 349--350
 [][] 
 []

<Random-Block-cd-medium-cost.pdf, id=448, 794.97pt x 614.295pt>
File: Random-Block-cd-medium-cost.pdf Graphic file (type pdf)

<use Random-Block-cd-medium-cost.pdf>
Package pdftex.def Info: Random-Block-cd-medium-cost.pdf used on input line 360
.
(pdftex.def)             Requested size: 476.98569pt x 368.57983pt.

Overfull \hbox (43.36569pt too wide) in paragraph at lines 360--361
 [][] 
 []

[58] [59 <C:/Users/Ottawa/Dropbox/thesis/Random-Block-cq-medium-cost.pdf>]
<Sequential-Block-cq-small-cost.pdf, id=466, 794.97pt x 614.295pt>
File: Sequential-Block-cq-small-cost.pdf Graphic file (type pdf)

<use Sequential-Block-cq-small-cost.pdf>
Package pdftex.def Info: Sequential-Block-cq-small-cost.pdf used on input line 
375.
(pdftex.def)             Requested size: 476.98569pt x 368.57983pt.

Overfull \hbox (43.36569pt too wide) in paragraph at lines 375--376
 [][] 
 []

[60 <C:/Users/Ottawa/Dropbox/thesis/Random-Block-cd-medium-cost.pdf>] [61 <C:/U
sers/Ottawa/Dropbox/thesis/Sequential-Block-cq-small-cost.pdf>]
<Sequential-Block-cd-small-switches.pdf, id=493, 794.97pt x 614.295pt>
File: Sequential-Block-cd-small-switches.pdf Graphic file (type pdf)

<use Sequential-Block-cd-small-switches.pdf>
Package pdftex.def Info: Sequential-Block-cd-small-switches.pdf used on input l
ine 386.
(pdftex.def)             Requested size: 476.98569pt x 368.57983pt.

Overfull \hbox (43.36569pt too wide) in paragraph at lines 386--387
 [][] 
 []

[62 <C:/Users/Ottawa/Dropbox/thesis/Sequential-Block-cd-small-switches.pdf>]
<Sequential-Block-cq-medium-switches.pdf, id=507, 794.97pt x 614.295pt>
File: Sequential-Block-cq-medium-switches.pdf Graphic file (type pdf)

<use Sequential-Block-cq-medium-switches.pdf>
Package pdftex.def Info: Sequential-Block-cq-medium-switches.pdf used on input 
line 399.
(pdftex.def)             Requested size: 476.98569pt x 368.57983pt.

Overfull \hbox (43.36569pt too wide) in paragraph at lines 399--400
 [][] 
 []

<Sequential-Block-cd-medium-switches.pdf, id=508, 794.97pt x 614.295pt>
File: Sequential-Block-cd-medium-switches.pdf Graphic file (type pdf)

<use Sequential-Block-cd-medium-switches.pdf>
Package pdftex.def Info: Sequential-Block-cd-medium-switches.pdf used on input 
line 410.
(pdftex.def)             Requested size: 476.98569pt x 368.57983pt.

Overfull \hbox (43.36569pt too wide) in paragraph at lines 410--411
 [][] 
 []

[63] [64 <C:/Users/Ottawa/Dropbox/thesis/Sequential-Block-cq-medium-switches.pd
f>] <Alternation-cc-large-cost.pdf, id=526, 794.97pt x 614.295pt>
File: Alternation-cc-large-cost.pdf Graphic file (type pdf)

<use Alternation-cc-large-cost.pdf>
Package pdftex.def Info: Alternation-cc-large-cost.pdf used on input line 431.
(pdftex.def)             Requested size: 476.98569pt x 368.57983pt.

Overfull \hbox (43.36569pt too wide) in paragraph at lines 431--432
 [][] 
 []

[65 <C:/Users/Ottawa/Dropbox/thesis/Sequential-Block-cd-medium-switches.pdf>]
[66 <C:/Users/Ottawa/Dropbox/thesis/Alternation-cc-large-cost.pdf>]
<Delta-cq-large-switches.pdf, id=554, 794.97pt x 614.295pt>
File: Delta-cq-large-switches.pdf Graphic file (type pdf)

<use Delta-cq-large-switches.pdf>
Package pdftex.def Info: Delta-cq-large-switches.pdf used on input line 452.
(pdftex.def)             Requested size: 476.98569pt x 368.57983pt.

Overfull \hbox (43.36569pt too wide) in paragraph at lines 452--453
 [][] 
 []

[67] [68 <C:/Users/Ottawa/Dropbox/thesis/Delta-cq-large-switches.pdf>]
<Random-cd-large-cost.pdf, id=571, 794.97pt x 614.295pt>
File: Random-cd-large-cost.pdf Graphic file (type pdf)

<use Random-cd-large-cost.pdf>
Package pdftex.def Info: Random-cd-large-cost.pdf used on input line 475.
(pdftex.def)             Requested size: 476.98569pt x 368.57983pt.

Overfull \hbox (43.36569pt too wide) in paragraph at lines 475--476
 [][] 
 []

[69] [70 <C:/Users/Ottawa/Dropbox/thesis/Random-cd-large-cost.pdf>]
<Random-Block-cq-large-switches.pdf, id=588, 794.97pt x 614.295pt>
File: Random-Block-cq-large-switches.pdf Graphic file (type pdf)

<use Random-Block-cq-large-switches.pdf>
Package pdftex.def Info: Random-Block-cq-large-switches.pdf used on input line 
490.
(pdftex.def)             Requested size: 476.98569pt x 368.57983pt.

Overfull \hbox (43.36569pt too wide) in paragraph at lines 490--491
 [][] 
 []

[71] [72 <C:/Users/Ottawa/Dropbox/thesis/Random-Block-cq-large-switches.pdf>]
<Sequential-Block-rc-large-cost.pdf, id=606, 794.97pt x 614.295pt>
File: Sequential-Block-rc-large-cost.pdf Graphic file (type pdf)

<use Sequential-Block-rc-large-cost.pdf>
Package pdftex.def Info: Sequential-Block-rc-large-cost.pdf used on input line 
511.
(pdftex.def)             Requested size: 476.98569pt x 368.57983pt.

Overfull \hbox (43.36569pt too wide) in paragraph at lines 511--512
 [][] 
 []

) [73] [74 <C:/Users/Ottawa/Dropbox/thesis/Sequential-Block-rc-large-cost.pdf>]
(C:\Users\Ottawa\Dropbox\thesis\chapter6.tex
Chapter 6.

LaTeX Warning: Reference `' on page 75 undefined on input line 6.

) [75



] (C:\Users\Ottawa\Dropbox\thesis\thesis.bbl
Missing character: There is no â in font cmr12!
Missing character: There is no € in font cmr12!
Missing character: There is no ” in font cmr12!
Missing character: There is no â in font cmr12!
Missing character: There is no € in font cmr12!
Missing character: There is no ™ in font cmr12!
 [76


]) [77]
No file thesisbib.bbl.
\tf@thm=\write6
(C:\Users\Ottawa\Dropbox\thesis\thesis.aux
(C:\Users\Ottawa\Dropbox\thesis\chapter1.aux)
(C:\Users\Ottawa\Dropbox\thesis\chapter2.aux)
(C:\Users\Ottawa\Dropbox\thesis\chapter3.aux)
(C:\Users\Ottawa\Dropbox\thesis\chapter4.aux)
(C:\Users\Ottawa\Dropbox\thesis\chapter5.aux)
(C:\Users\Ottawa\Dropbox\thesis\chapter6.aux))

LaTeX Warning: There were undefined references.


LaTeX Warning: There were multiply-defined labels.

 ) 
Here is how much of TeX's memory you used:
 5501 strings out of 493921
 83595 string characters out of 3144873
 167365 words of memory out of 3000000
 8666 multiletter control sequences out of 15000+200000
 11141 words of font info for 41 fonts, out of 3000000 for 9000
 841 hyphenation exceptions out of 8191
 36i,21n,40p,1490b,539s stack positions out of 5000i,500n,10000p,200000b,50000s
<C:/Program Files (x86)/MiKTeX 2.9/fonts/type1/public/amsfonts/cm/cmbx12.pfb>
<C:/Program Files (x86)/MiKTeX 2.9/fonts/type1/public/amsfonts/cm/cmbx8.pfb><C:
/Program Files (x86)/MiKTeX 2.9/fonts/type1/public/amsfonts/cm/cmex10.pfb><C:/P
rogram Files (x86)/MiKTeX 2.9/fonts/type1/public/amsfonts/cm/cmmi12.pfb><C:/Pro
gram Files (x86)/MiKTeX 2.9/fonts/type1/public/amsfonts/cm/cmmi6.pfb><C:/Progra
m Files (x86)/MiKTeX 2.9/fonts/type1/public/amsfonts/cm/cmmi8.pfb><C:/Program F
iles (x86)/MiKTeX 2.9/fonts/type1/public/amsfonts/cm/cmr10.pfb><C:/Program File
s (x86)/MiKTeX 2.9/fonts/type1/public/amsfonts/cm/cmr12.pfb><C:/Program Files (
x86)/MiKTeX 2.9/fonts/type1/public/amsfonts/cm/cmr7.pfb><C:/Program Files (x86)
/MiKTeX 2.9/fonts/type1/public/amsfonts/cm/cmr8.pfb><C:/Program Files (x86)/MiK
TeX 2.9/fonts/type1/public/amsfonts/cm/cmsy10.pfb><C:/Program Files (x86)/MiKTe
X 2.9/fonts/type1/public/amsfonts/cm/cmsy6.pfb><C:/Program Files (x86)/MiKTeX 2
.9/fonts/type1/public/amsfonts/cm/cmsy8.pfb><C:/Program Files (x86)/MiKTeX 2.9/
fonts/type1/public/amsfonts/cm/cmti12.pfb><C:/Program Files (x86)/MiKTeX 2.9/fo
nts/type1/public/amsfonts/cm/cmtt12.pfb>
Output written on thesis.pdf (85 pages, 5675074 bytes).
PDF statistics:
 683 PDF objects out of 1000 (max. 8388607)
 0 named destinations out of 1000 (max. 500000)
 156 words of extra memory for PDF output out of 10000 (max. 10000000)

